\BOOKMARK [0][-]{bm:Title.0}{Title Page}{}% 1
\BOOKMARK [0][-]{bm:Abstract.0}{Abstract}{}% 2
\BOOKMARK [0][-]{bm:Acknowledge.0}{Acknowledgements}{}% 3
\BOOKMARK [0][-]{section*.1}{Table of contents}{}% 4
\BOOKMARK [0][-]{section*.3}{List of figures}{}% 5
\BOOKMARK [0][-]{section*.5}{List of tables}{}% 6
\BOOKMARK [0][-]{chapter.1}{1 Introduction}{}% 7
\BOOKMARK [1][-]{section.1.1}{1.1 Background and Motivation}{chapter.1}% 8
\BOOKMARK [1][-]{section.1.2}{1.2 Application Scenes}{chapter.1}% 9
\BOOKMARK [2][-]{subsection.1.2.1}{1.2.1 EM Images}{section.1.2}% 10
\BOOKMARK [2][-]{subsection.1.2.2}{1.2.2 Natural Images}{section.1.2}% 11
\BOOKMARK [1][-]{section.1.3}{1.3 Organization of the thesis}{chapter.1}% 12
\BOOKMARK [0][-]{chapter.2}{2 Related Work}{}% 13
\BOOKMARK [1][-]{section.2.1}{2.1 Traditional edge detection}{chapter.2}% 14
\BOOKMARK [2][-]{subsection.2.1.1}{2.1.1 Hand-crafted feature based methods}{section.2.1}% 15
\BOOKMARK [2][-]{subsection.2.1.2}{2.1.2 Deep learning based methods}{section.2.1}% 16
\BOOKMARK [1][-]{section.2.2}{2.2 Object Boundary Detection in Natural Images}{chapter.2}% 17
\BOOKMARK [1][-]{section.2.3}{2.3 Neuronal Boundary Detection in EM Images}{chapter.2}% 18
\BOOKMARK [0][-]{chapter.3}{3 Methodology}{}% 19
\BOOKMARK [1][-]{section.3.1}{3.1 Network Structure}{chapter.3}% 20
\BOOKMARK [1][-]{section.3.2}{3.2 Training Phase}{chapter.3}% 21
\BOOKMARK [2][-]{subsection.3.2.1}{3.2.1 Formulation of the Multi-recursive-input}{section.3.2}% 22
\BOOKMARK [2][-]{subsection.3.2.2}{3.2.2 Loss Function}{section.3.2}% 23
\BOOKMARK [1][-]{section.3.3}{3.3 Testing Phase}{chapter.3}% 24
\BOOKMARK [1][-]{section.3.4}{3.4 Model Interpretation}{chapter.3}% 25
\BOOKMARK [2][-]{subsection.3.4.1}{3.4.1 Cascaded Architecture vs. Single-stage Architecture}{section.3.4}% 26
\BOOKMARK [2][-]{subsection.3.4.2}{3.4.2 Multi-recursive-input vs. Single-recursive-input}{section.3.4}% 27
\BOOKMARK [2][-]{subsection.3.4.3}{3.4.3 End-to-end Training vs. Stepwise Self-tuning}{section.3.4}% 28
\BOOKMARK [0][-]{chapter.4}{4 Experiments}{}% 29
\BOOKMARK [1][-]{section.4.1}{4.1 Neuronal Boundary Detection in EM Images}{chapter.4}% 30
\BOOKMARK [2][-]{subsection.4.1.1}{4.1.1 Evaluation Metric}{section.4.1}% 31
\BOOKMARK [2][-]{subsection.4.1.2}{4.1.2 Mouse Piriform Cortex Dataset}{section.4.1}% 32
\BOOKMARK [2][-]{subsection.4.1.3}{4.1.3 ISBI 2012 EM Segmentation Dataset}{section.4.1}% 33
\BOOKMARK [1][-]{section.4.2}{4.2 Object Boundary Detection in Natural Images}{chapter.4}% 34
\BOOKMARK [2][-]{subsection.4.2.1}{4.2.1 Metrics}{section.4.2}% 35
\BOOKMARK [2][-]{subsection.4.2.2}{4.2.2 PASCAL VOC Contour Dataset}{section.4.2}% 36
\BOOKMARK [1][-]{section.4.3}{4.3 Control Experiments for Model Interpretation}{chapter.4}% 37
\BOOKMARK [2][-]{subsection.4.3.1}{4.3.1 Evaluations on Cascaded Architecture vs. Single-stage Architecture}{section.4.3}% 38
\BOOKMARK [2][-]{subsection.4.3.2}{4.3.2 Evaluations on Multi-recursive-input vs. Single-recursive-input}{section.4.3}% 39
\BOOKMARK [2][-]{subsection.4.3.3}{4.3.3 Evaluations on End-to-end Training vs. Stepwise Self-tuning}{section.4.3}% 40
\BOOKMARK [0][-]{chapter.5}{5 Conclusions}{}% 41
\BOOKMARK [0][-]{section*.25}{Bibliography}{}% 42
