\BOOKMARK [0][-]{bm:Title.0}{Title Page}{}% 1
\BOOKMARK [0][-]{bm:Abstract.0}{Abstract}{}% 2
\BOOKMARK [0][-]{bm:Acknowledge.0}{Acknowledgements}{}% 3
\BOOKMARK [0][-]{section*.1}{Table of contents}{}% 4
\BOOKMARK [0][-]{section*.3}{List of figures}{}% 5
\BOOKMARK [0][-]{section*.5}{List of tables}{}% 6
\BOOKMARK [0][-]{chapter.1}{1 Introduction}{}% 7
\BOOKMARK [1][-]{section.1.1}{1.1 Background and Motivation}{chapter.1}% 8
\BOOKMARK [1][-]{section.1.2}{1.2 Organization of the thesis}{chapter.1}% 9
\BOOKMARK [0][-]{chapter.2}{2 Related Work}{}% 10
\BOOKMARK [1][-]{section.2.1}{2.1 Traditional related methods}{chapter.2}% 11
\BOOKMARK [2][-]{subsection.2.1.1}{2.1.1 Support Vector Machines based methods}{section.2.1}% 12
\BOOKMARK [2][-]{subsection.2.1.2}{2.1.2 Naive Bayes based methods:}{section.2.1}% 13
\BOOKMARK [2][-]{subsection.2.1.3}{2.1.3 k Nearest Neighbours based methods:}{section.2.1}% 14
\BOOKMARK [2][-]{subsection.2.1.4}{2.1.4 Decision Trees based methods:}{section.2.1}% 15
\BOOKMARK [1][-]{section.2.2}{2.2 Neural Networks related methods}{chapter.2}% 16
\BOOKMARK [0][-]{chapter.3}{3 A Stacked Residual RNN Model}{}% 17
\BOOKMARK [1][-]{section.3.1}{3.1 Word weight based module}{chapter.3}% 18
\BOOKMARK [1][-]{section.3.2}{3.2 Residual Networks based module}{chapter.3}% 19
\BOOKMARK [1][-]{section.3.3}{3.3 Stacked Residual Bi-LSTM with Word Weight model}{chapter.3}% 20
\BOOKMARK [0][-]{chapter.4}{4 Experimental Setup}{}% 21
\BOOKMARK [1][-]{section.4.1}{4.1 Datasets}{chapter.4}% 22
\BOOKMARK [2][-]{subsection.4.1.1}{4.1.1 Sentiment Classification}{section.4.1}% 23
\BOOKMARK [2][-]{subsection.4.1.2}{4.1.2 Question type Classification}{section.4.1}% 24
\BOOKMARK [1][-]{section.4.2}{4.2 BaseLines}{chapter.4}% 25
\BOOKMARK [1][-]{section.4.3}{4.3 Hyperparameters and Training}{chapter.4}% 26
\BOOKMARK [1][-]{section.4.4}{4.4 Results and Analysis}{chapter.4}% 27
\BOOKMARK [2][-]{subsection.4.4.1}{4.4.1 Text classification}{section.4.4}% 28
\BOOKMARK [2][-]{subsection.4.4.2}{4.4.2 Model Analysis}{section.4.4}% 29
\BOOKMARK [0][-]{chapter.5}{5 Conclusions}{}% 30
\BOOKMARK [0][-]{section*.25}{Bibliography}{}% 31
